#
# A fatal error has been detected by the Java Runtime Environment:
#
#  EXCEPTION_ACCESS_VIOLATION (0xc0000005) at pc=0x00007ffd7ddf420a, pid=11708, tid=5196
#
# JRE version: Java(TM) SE Runtime Environment 18.9 (11.0.23+7) (build 11.0.23+7-LTS-222)
# Java VM: Java HotSpot(TM) 64-Bit Server VM 18.9 (11.0.23+7-LTS-222, mixed mode, tiered, compressed oops, g1 gc, windows-amd64)
# Problematic frame:
# V  [jvm.dll+0x72420a]
#
# No core dump will be written. Minidumps are not enabled by default on client versions of Windows
#
# If you would like to submit a bug report, please visit:
#   https://bugreport.java.com/bugreport/crash.jsp
#

---------------  S U M M A R Y ------------

Command Line: -agentlib:jdwp=transport=dt_socket,suspend=y,address=localhost:61355 -javaagent:C:\Users\pjun2\eclipse\java-2024-03\eclipse\configuration\org.eclipse.osgi\251\0\.cp\lib\javaagent-shaded.jar -Dfile.encoding=UTF-8 -Dstdout.encoding=UTF-8 -Dstderr.encoding=UTF-8 days04.Q02

Host: AMD Ryzen 5 5600U with Radeon Graphics         , 12 cores, 13G,  Windows 11 , 64 bit Build 22621 (10.0.22621.3672)
Time: Thu Jul  4 23:45:58 2024  Windows 11 , 64 bit Build 22621 (10.0.22621.3672) elapsed time: 2505.632517 seconds (0d 0h 41m 45s)

---------------  T H R E A D  ---------------

Current thread (0x000001efef46a800):  JavaThread "JDWP Transport Listener: dt_socket" daemon [_thread_in_vm, id=5196, stack(0x000000ed5b000000,0x000000ed5b100000)] _threads_hazard_ptr=0x000001efef6a3af0

Stack: [0x000000ed5b000000,0x000000ed5b100000],  sp=0x000000ed5b0fef80,  free space=1019k
Native frames: (J=compiled Java code, j=interpreted, Vv=VM code, C=native code)
V  [jvm.dll+0x72420a]
V  [jvm.dll+0x513bad]
V  [jvm.dll+0x51459d]
V  [jvm.dll+0x79ceea]
V  [jvm.dll+0x4f90fa]
V  [jvm.dll+0x4b9d50]
C  [jdwp.dll+0x7b2d]


siginfo: EXCEPTION_ACCESS_VIOLATION (0xc0000005), reading address 0x00000000002a0029


Register to memory mapping:

RIP=0x00007ffd7ddf420a jvm.dll
RAX=0x000001eff0057d38 is pointing into metadata
RBX=0x0 is NULL
RCX=0x00000000002a0029 is an unknown value
RDX=0x00000000000000ca is an unknown value
RSP=0x000000ed5b0fef80 is pointing into the stack for thread: 0x000001efef46a800
RBP=0x0000000000000003 is an unknown value
RSI=0x000000ed5b0ff250 is pointing into the stack for thread: 0x000001efef46a800
RDI=0x0000000000000013 is an unknown value
R8 =0x0 is NULL
R9 =0x0 is NULL
R10=0x0 is NULL
R11=0x0 is NULL
R12=0x000001efef1b0118 points into unknown readable memory: 0x880001008d0f01c8 | c8 01 0f 8d 00 01 00 88
R13=0x00000000000003d8 is an unknown value
R14={method} {0x000001eff0057dc0} 'main' '([Ljava/lang/String;)V' in 'days04/Q02'
R15=0x000001eff0057d8c is pointing into metadata


Registers:
RAX=0x000001eff0057d38, RBX=0x0000000000000000, RCX=0x00000000002a0029, RDX=0x00000000000000ca
RSP=0x000000ed5b0fef80, RBP=0x0000000000000003, RSI=0x000000ed5b0ff250, RDI=0x0000000000000013
R8 =0x0000000000000000, R9 =0x0000000000000000, R10=0x0000000000000000, R11=0x0000000000000000
R12=0x000001efef1b0118, R13=0x00000000000003d8, R14=0x000001eff0057db8, R15=0x000001eff0057d8c
RIP=0x00007ffd7ddf420a, EFLAGS=0x0000000000010202

Top of Stack: (sp=0x000000ed5b0fef80)
0x000000ed5b0fef80:   000001efd4208a10 000000ed00000000
0x000000ed5b0fef90:   000000ed59fff6a0 000000ed59fff658
0x000000ed5b0fefa0:   0000000000000013 00007ffd7dbe3bad
0x000000ed5b0fefb0:   0000000000000000 0000000000000000
0x000000ed5b0fefc0:   0000000000000000 00007ffd7de5b609
0x000000ed5b0fefd0:   0000000000000000 0000000000000000
0x000000ed5b0fefe0:   0000000000000000 0000000000000000
0x000000ed5b0feff0:   000000ed59fff658 000001efd4211005
0x000000ed5b0ff000:   000001efd4208a10 000000ed00000000
0x000000ed5b0ff010:   000001efef1afd40 0000000000000000
0x000000ed5b0ff020:   00000000000003d8 00007ffd7dbe459d
0x000000ed5b0ff030:   000000ed5b0ff250 0000000000000000
0x000000ed5b0ff040:   000001efef46a800 000000ed5b0ff250
0x000000ed5b0ff050:   000001efef45c360 00007ffd7de6ceea
0x000000ed5b0ff060:   002d000000000000 6564617267060000
0x000000ed5b0ff070:   6a4c5b1300000073 00007ffdba90d68a 

Instructions: (pc=0x00007ffd7ddf420a)
0x00007ffd7ddf41ea:   40 01 48 83 ea 01 75 ee 43 c6 04 10 00 49 8b c2
0x00007ffd7ddf41fa:   c3 cc cc cc cc cc 48 89 5c 24 08 57 48 83 ec 20
0x00007ffd7ddf420a:   0f b7 19 48 8b f9 33 d2 48 8d 4b 01 e8 85 f0 f8
0x00007ffd7ddf421a:   ff 0f b7 17 4c 8b c0 3b da 0f 42 d3 44 8b ca 85 


Stack slot to memory mapping:
stack at sp + 0 slots: 0x000001efd4208a10 is at code_begin+-112 in 
[CodeBlob (0x000001efd4208a10)]
Framesize: 0
BufferBlob (0x000001efd4208a10) used for Interpreter
stack at sp + 1 slots: 0x000000ed00000000 is an unknown value
stack at sp + 2 slots: 0x000000ed59fff6a0 is pointing into the stack for thread: 0x000001efccb0f800
stack at sp + 3 slots: 0x000000ed59fff658 is pointing into the stack for thread: 0x000001efccb0f800
stack at sp + 4 slots: 0x0000000000000013 is an unknown value
stack at sp + 5 slots: 0x00007ffd7dbe3bad jvm.dll
stack at sp + 6 slots: 0x0 is NULL
stack at sp + 7 slots: 0x0 is NULL


---------------  P R O C E S S  ---------------

Threads class SMR info:
_java_thread_list=0x000001efef6a3af0, length=13, elements={
0x000001efccb0f800, 0x000001efef0df800, 0x000001efef10a000, 0x000001efef171000,
0x000001efef172000, 0x000001efef173000, 0x000001efef181800, 0x000001efef182800,
0x000001efef194000, 0x000001efef2e9800, 0x000001efef46a800, 0x000001efef46b800,
0x000001efef55b000
}

Java Threads: ( => current thread )
  0x000001efccb0f800 JavaThread "main" [_thread_blocked, id=17424, stack(0x000000ed59f00000,0x000000ed5a000000)]
  0x000001efef0df800 JavaThread "Reference Handler" daemon [_thread_blocked, id=22420, stack(0x000000ed5a600000,0x000000ed5a700000)]
  0x000001efef10a000 JavaThread "Finalizer" daemon [_thread_blocked, id=26304, stack(0x000000ed5a700000,0x000000ed5a800000)]
  0x000001efef171000 JavaThread "Signal Dispatcher" daemon [_thread_blocked, id=19856, stack(0x000000ed5a800000,0x000000ed5a900000)]
  0x000001efef172000 JavaThread "Attach Listener" daemon [_thread_blocked, id=2548, stack(0x000000ed5a900000,0x000000ed5aa00000)]
  0x000001efef173000 JavaThread "Service Thread" daemon [_thread_blocked, id=19264, stack(0x000000ed5aa00000,0x000000ed5ab00000)]
  0x000001efef181800 JavaThread "C2 CompilerThread0" daemon [_thread_blocked, id=21076, stack(0x000000ed5ab00000,0x000000ed5ac00000)]
  0x000001efef182800 JavaThread "C1 CompilerThread0" daemon [_thread_blocked, id=23980, stack(0x000000ed5ac00000,0x000000ed5ad00000)]
  0x000001efef194000 JavaThread "Sweeper thread" daemon [_thread_blocked, id=10432, stack(0x000000ed5ad00000,0x000000ed5ae00000)]
  0x000001efef2e9800 JavaThread "Common-Cleaner" daemon [_thread_blocked, id=16888, stack(0x000000ed5ae00000,0x000000ed5af00000)]
=>0x000001efef46a800 JavaThread "JDWP Transport Listener: dt_socket" daemon [_thread_in_vm, id=5196, stack(0x000000ed5b000000,0x000000ed5b100000)]
  0x000001efef46b800 JavaThread "JDWP Event Helper Thread" daemon [_thread_blocked, id=9656, stack(0x000000ed5b100000,0x000000ed5b200000)]
  0x000001efef55b000 JavaThread "JDWP Command Reader" daemon [_thread_in_native, id=8168, stack(0x000000ed5b200000,0x000000ed5b300000)]

Other Threads:
  0x000001efef0de000 VMThread "VM Thread" [stack: 0x000000ed5a500000,0x000000ed5a600000] [id=22888]
  0x000001efef4e0800 WatcherThread [stack: 0x000000ed5b300000,0x000000ed5b400000] [id=5548]
  0x000001efccb26800 GCTaskThread "GC Thread#0" [stack: 0x000000ed5a000000,0x000000ed5a100000] [id=24596]
  0x000001efccb79800 ConcurrentGCThread "G1 Main Marker" [stack: 0x000000ed5a100000,0x000000ed5a200000] [id=13364]
  0x000001efccb7b800 ConcurrentGCThread "G1 Conc#0" [stack: 0x000000ed5a200000,0x000000ed5a300000] [id=19248]
  0x000001efee742000 ConcurrentGCThread "G1 Refine#0" [stack: 0x000000ed5a300000,0x000000ed5a400000] [id=10636]
  0x000001efee743000 ConcurrentGCThread "G1 Young RemSet Sampling" [stack: 0x000000ed5a400000,0x000000ed5a500000] [id=14772]

Threads with active compile tasks:

VM state:not at safepoint (normal execution)

VM Mutex/Monitor currently owned by a thread: None

Heap address: 0x0000000722400000, size: 3548 MB, Compressed Oops mode: Zero based, Oop shift amount: 3
Narrow klass base: 0x0000000800000000, Narrow klass shift: 0
Compressed class space size: 1073741824 Address: 0x0000000800000000

Heap:
 garbage-first heap   total 227328K, used 5120K [0x0000000722400000, 0x0000000800000000)
  region size 1024K, 6 young (6144K), 0 survivors (0K)
 Metaspace       used 9445K, capacity 9519K, committed 9600K, reserved 1058816K
  class space    used 831K, capacity 872K, committed 896K, reserved 1048576K
Heap Regions: E=young(eden), S=young(survivor), O=old, HS=humongous(starts), HC=humongous(continues), CS=collection set, F=free, A=archive, TAMS=top-at-mark-start (previous, next)
|   0|0x0000000722400000, 0x0000000722400000, 0x0000000722500000|  0%| F|  |TAMS 0x0000000722400000, 0x0000000722400000| Untracked 
|   1|0x0000000722500000, 0x0000000722500000, 0x0000000722600000|  0%| F|  |TAMS 0x0000000722500000, 0x0000000722500000| Untracked 
|   2|0x0000000722600000, 0x0000000722600000, 0x0000000722700000|  0%| F|  |TAMS 0x0000000722600000, 0x0000000722600000| Untracked 
|   3|0x0000000722700000, 0x0000000722700000, 0x0000000722800000|  0%| F|  |TAMS 0x0000000722700000, 0x0000000722700000| Untracked 
|   4|0x0000000722800000, 0x0000000722800000, 0x0000000722900000|  0%| F|  |TAMS 0x0000000722800000, 0x0000000722800000| Untracked 
|   5|0x0000000722900000, 0x0000000722900000, 0x0000000722a00000|  0%| F|  |TAMS 0x0000000722900000, 0x0000000722900000| Untracked 
|   6|0x0000000722a00000, 0x0000000722a00000, 0x0000000722b00000|  0%| F|  |TAMS 0x0000000722a00000, 0x0000000722a00000| Untracked 
|   7|0x0000000722b00000, 0x0000000722b00000, 0x0000000722c00000|  0%| F|  |TAMS 0x0000000722b00000, 0x0000000722b00000| Untracked 
|   8|0x0000000722c00000, 0x0000000722c00000, 0x0000000722d00000|  0%| F|  |TAMS 0x0000000722c00000, 0x0000000722c00000| Untracked 
|   9|0x0000000722d00000, 0x0000000722d00000, 0x0000000722e00000|  0%| F|  |TAMS 0x0000000722d00000, 0x0000000722d00000| Untracked 
|  10|0x0000000722e00000, 0x0000000722e00000, 0x0000000722f00000|  0%| F|  |TAMS 0x0000000722e00000, 0x0000000722e00000| Untracked 
|  11|0x0000000722f00000, 0x0000000722f00000, 0x0000000723000000|  0%| F|  |TAMS 0x0000000722f00000, 0x0000000722f00000| Untracked 
|  12|0x0000000723000000, 0x0000000723000000, 0x0000000723100000|  0%| F|  |TAMS 0x0000000723000000, 0x0000000723000000| Untracked 
|  13|0x0000000723100000, 0x0000000723100000, 0x0000000723200000|  0%| F|  |TAMS 0x0000000723100000, 0x0000000723100000| Untracked 
|  14|0x0000000723200000, 0x0000000723200000, 0x0000000723300000|  0%| F|  |TAMS 0x0000000723200000, 0x0000000723200000| Untracked 
|  15|0x0000000723300000, 0x0000000723300000, 0x0000000723400000|  0%| F|  |TAMS 0x0000000723300000, 0x0000000723300000| Untracked 
|  16|0x0000000723400000, 0x0000000723400000, 0x0000000723500000|  0%| F|  |TAMS 0x0000000723400000, 0x0000000723400000| Untracked 
|  17|0x0000000723500000, 0x0000000723500000, 0x0000000723600000|  0%| F|  |TAMS 0x0000000723500000, 0x0000000723500000| Untracked 
|  18|0x0000000723600000, 0x0000000723600000, 0x0000000723700000|  0%| F|  |TAMS 0x0000000723600000, 0x0000000723600000| Untracked 
|  19|0x0000000723700000, 0x0000000723700000, 0x0000000723800000|  0%| F|  |TAMS 0x0000000723700000, 0x0000000723700000| Untracked 
|  20|0x0000000723800000, 0x0000000723800000, 0x0000000723900000|  0%| F|  |TAMS 0x0000000723800000, 0x0000000723800000| Untracked 
|  21|0x0000000723900000, 0x0000000723900000, 0x0000000723a00000|  0%| F|  |TAMS 0x0000000723900000, 0x0000000723900000| Untracked 
|  22|0x0000000723a00000, 0x0000000723a00000, 0x0000000723b00000|  0%| F|  |TAMS 0x0000000723a00000, 0x0000000723a00000| Untracked 
|  23|0x0000000723b00000, 0x0000000723b00000, 0x0000000723c00000|  0%| F|  |TAMS 0x0000000723b00000, 0x0000000723b00000| Untracked 
|  24|0x0000000723c00000, 0x0000000723c00000, 0x0000000723d00000|  0%| F|  |TAMS 0x0000000723c00000, 0x0000000723c00000| Untracked 
|  25|0x0000000723d00000, 0x0000000723d00000, 0x0000000723e00000|  0%| F|  |TAMS 0x0000000723d00000, 0x0000000723d00000| Untracked 
|  26|0x0000000723e00000, 0x0000000723e00000, 0x0000000723f00000|  0%| F|  |TAMS 0x0000000723e00000, 0x0000000723e00000| Untracked 
|  27|0x0000000723f00000, 0x0000000723f00000, 0x0000000724000000|  0%| F|  |TAMS 0x0000000723f00000, 0x0000000723f00000| Untracked 
|  28|0x0000000724000000, 0x0000000724000000, 0x0000000724100000|  0%| F|  |TAMS 0x0000000724000000, 0x0000000724000000| Untracked 
|  29|0x0000000724100000, 0x0000000724100000, 0x0000000724200000|  0%| F|  |TAMS 0x0000000724100000, 0x0000000724100000| Untracked 
|  30|0x0000000724200000, 0x0000000724200000, 0x0000000724300000|  0%| F|  |TAMS 0x0000000724200000, 0x0000000724200000| Untracked 
|  31|0x0000000724300000, 0x0000000724300000, 0x0000000724400000|  0%| F|  |TAMS 0x0000000724300000, 0x0000000724300000| Untracked 
|  32|0x0000000724400000, 0x0000000724400000, 0x0000000724500000|  0%| F|  |TAMS 0x0000000724400000, 0x0000000724400000| Untracked 
|  33|0x0000000724500000, 0x0000000724500000, 0x0000000724600000|  0%| F|  |TAMS 0x0000000724500000, 0x0000000724500000| Untracked 
|  34|0x0000000724600000, 0x0000000724600000, 0x0000000724700000|  0%| F|  |TAMS 0x0000000724600000, 0x0000000724600000| Untracked 
|  35|0x0000000724700000, 0x0000000724700000, 0x0000000724800000|  0%| F|  |TAMS 0x0000000724700000, 0x0000000724700000| Untracked 
|  36|0x0000000724800000, 0x0000000724800000, 0x0000000724900000|  0%| F|  |TAMS 0x0000000724800000, 0x0000000724800000| Untracked 
|  37|0x0000000724900000, 0x0000000724900000, 0x0000000724a00000|  0%| F|  |TAMS 0x0000000724900000, 0x0000000724900000| Untracked 
|  38|0x0000000724a00000, 0x0000000724a00000, 0x0000000724b00000|  0%| F|  |TAMS 0x0000000724a00000, 0x0000000724a00000| Untracked 
|  39|0x0000000724b00000, 0x0000000724b00000, 0x0000000724c00000|  0%| F|  |TAMS 0x0000000724b00000, 0x0000000724b00000| Untracked 
|  40|0x0000000724c00000, 0x0000000724c00000, 0x0000000724d00000|  0%| F|  |TAMS 0x0000000724c00000, 0x0000000724c00000| Untracked 
|  41|0x0000000724d00000, 0x0000000724d00000, 0x0000000724e00000|  0%| F|  |TAMS 0x0000000724d00000, 0x0000000724d00000| Untracked 
|  42|0x0000000724e00000, 0x0000000724e00000, 0x0000000724f00000|  0%| F|  |TAMS 0x0000000724e00000, 0x0000000724e00000| Untracked 
|  43|0x0000000724f00000, 0x0000000724f00000, 0x0000000725000000|  0%| F|  |TAMS 0x0000000724f00000, 0x0000000724f00000| Untracked 
|  44|0x0000000725000000, 0x0000000725000000, 0x0000000725100000|  0%| F|  |TAMS 0x0000000725000000, 0x0000000725000000| Untracked 
|  45|0x0000000725100000, 0x0000000725100000, 0x0000000725200000|  0%| F|  |TAMS 0x0000000725100000, 0x0000000725100000| Untracked 
|  46|0x0000000725200000, 0x0000000725200000, 0x0000000725300000|  0%| F|  |TAMS 0x0000000725200000, 0x0000000725200000| Untracked 
|  47|0x0000000725300000, 0x0000000725300000, 0x0000000725400000|  0%| F|  |TAMS 0x0000000725300000, 0x0000000725300000| Untracked 
|  48|0x0000000725400000, 0x0000000725400000, 0x0000000725500000|  0%| F|  |TAMS 0x0000000725400000, 0x0000000725400000| Untracked 
|  49|0x0000000725500000, 0x0000000725500000, 0x0000000725600000|  0%| F|  |TAMS 0x0000000725500000, 0x0000000725500000| Untracked 
|  50|0x0000000725600000, 0x0000000725600000, 0x0000000725700000|  0%| F|  |TAMS 0x0000000725600000, 0x0000000725600000| Untracked 
|  51|0x0000000725700000, 0x0000000725700000, 0x0000000725800000|  0%| F|  |TAMS 0x0000000725700000, 0x0000000725700000| Untracked 
|  52|0x0000000725800000, 0x0000000725800000, 0x0000000725900000|  0%| F|  |TAMS 0x0000000725800000, 0x0000000725800000| Untracked 
|  53|0x0000000725900000, 0x0000000725900000, 0x0000000725a00000|  0%| F|  |TAMS 0x0000000725900000, 0x0000000725900000| Untracked 
|  54|0x0000000725a00000, 0x0000000725a00000, 0x0000000725b00000|  0%| F|  |TAMS 0x0000000725a00000, 0x0000000725a00000| Untracked 
|  55|0x0000000725b00000, 0x0000000725b00000, 0x0000000725c00000|  0%| F|  |TAMS 0x0000000725b00000, 0x0000000725b00000| Untracked 
|  56|0x0000000725c00000, 0x0000000725c00000, 0x0000000725d00000|  0%| F|  |TAMS 0x0000000725c00000, 0x0000000725c00000| Untracked 
|  57|0x0000000725d00000, 0x0000000725d00000, 0x0000000725e00000|  0%| F|  |TAMS 0x0000000725d00000, 0x0000000725d00000| Untracked 
|  58|0x0000000725e00000, 0x0000000725e00000, 0x0000000725f00000|  0%| F|  |TAMS 0x0000000725e00000, 0x0000000725e00000| Untracked 
|  59|0x0000000725f00000, 0x0000000725f00000, 0x0000000726000000|  0%| F|  |TAMS 0x0000000725f00000, 0x0000000725f00000| Untracked 
|  60|0x0000000726000000, 0x0000000726000000, 0x0000000726100000|  0%| F|  |TAMS 0x0000000726000000, 0x0000000726000000| Untracked 
|  61|0x0000000726100000, 0x0000000726100000, 0x0000000726200000|  0%| F|  |TAMS 0x0000000726100000, 0x0000000726100000| Untracked 
|  62|0x0000000726200000, 0x0000000726200000, 0x0000000726300000|  0%| F|  |TAMS 0x0000000726200000, 0x0000000726200000| Untracked 
|  63|0x0000000726300000, 0x0000000726300000, 0x0000000726400000|  0%| F|  |TAMS 0x0000000726300000, 0x0000000726300000| Untracked 
|  64|0x0000000726400000, 0x0000000726400000, 0x0000000726500000|  0%| F|  |TAMS 0x0000000726400000, 0x0000000726400000| Untracked 
|  65|0x0000000726500000, 0x0000000726500000, 0x0000000726600000|  0%| F|  |TAMS 0x0000000726500000, 0x0000000726500000| Untracked 
|  66|0x0000000726600000, 0x0000000726600000, 0x0000000726700000|  0%| F|  |TAMS 0x0000000726600000, 0x0000000726600000| Untracked 
|  67|0x0000000726700000, 0x0000000726700000, 0x0000000726800000|  0%| F|  |TAMS 0x0000000726700000, 0x0000000726700000| Untracked 
|  68|0x0000000726800000, 0x0000000726800000, 0x0000000726900000|  0%| F|  |TAMS 0x0000000726800000, 0x0000000726800000| Untracked 
|  69|0x0000000726900000, 0x0000000726900000, 0x0000000726a00000|  0%| F|  |TAMS 0x0000000726900000, 0x0000000726900000| Untracked 
|  70|0x0000000726a00000, 0x0000000726a00000, 0x0000000726b00000|  0%| F|  |TAMS 0x0000000726a00000, 0x0000000726a00000| Untracked 
|  71|0x0000000726b00000, 0x0000000726b00000, 0x0000000726c00000|  0%| F|  |TAMS 0x0000000726b00000, 0x0000000726b00000| Untracked 
|  72|0x0000000726c00000, 0x0000000726c00000, 0x0000000726d00000|  0%| F|  |TAMS 0x0000000726c00000, 0x0000000726c00000| Untracked 
|  73|0x0000000726d00000, 0x0000000726d00000, 0x0000000726e00000|  0%| F|  |TAMS 0x0000000726d00000, 0x0000000726d00000| Untracked 
|  74|0x0000000726e00000, 0x0000000726e00000, 0x0000000726f00000|  0%| F|  |TAMS 0x0000000726e00000, 0x0000000726e00000| Untracked 
|  75|0x0000000726f00000, 0x0000000726f00000, 0x0000000727000000|  0%| F|  |TAMS 0x0000000726f00000, 0x0000000726f00000| Untracked 
|  76|0x0000000727000000, 0x0000000727000000, 0x0000000727100000|  0%| F|  |TAMS 0x0000000727000000, 0x0000000727000000| Untracked 
|  77|0x0000000727100000, 0x0000000727100000, 0x0000000727200000|  0%| F|  |TAMS 0x0000000727100000, 0x0000000727100000| Untracked 
|  78|0x0000000727200000, 0x0000000727200000, 0x0000000727300000|  0%| F|  |TAMS 0x0000000727200000, 0x0000000727200000| Untracked 
|  79|0x0000000727300000, 0x0000000727300000, 0x0000000727400000|  0%| F|  |TAMS 0x0000000727300000, 0x0000000727300000| Untracked 
|  80|0x0000000727400000, 0x0000000727400000, 0x0000000727500000|  0%| F|  |TAMS 0x0000000727400000, 0x0000000727400000| Untracked 
|  81|0x0000000727500000, 0x0000000727500000, 0x0000000727600000|  0%| F|  |TAMS 0x0000000727500000, 0x0000000727500000| Untracked 
|  82|0x0000000727600000, 0x0000000727600000, 0x0000000727700000|  0%| F|  |TAMS 0x0000000727600000, 0x0000000727600000| Untracked 
|  83|0x0000000727700000, 0x0000000727700000, 0x0000000727800000|  0%| F|  |TAMS 0x0000000727700000, 0x0000000727700000| Untracked 
|  84|0x0000000727800000, 0x0000000727800000, 0x0000000727900000|  0%| F|  |TAMS 0x0000000727800000, 0x0000000727800000| Untracked 
|  85|0x0000000727900000, 0x0000000727900000, 0x0000000727a00000|  0%| F|  |TAMS 0x0000000727900000, 0x0000000727900000| Untracked 
|  86|0x0000000727a00000, 0x0000000727a00000, 0x0000000727b00000|  0%| F|  |TAMS 0x0000000727a00000, 0x0000000727a00000| Untracked 
|  87|0x0000000727b00000, 0x0000000727b00000, 0x0000000727c00000|  0%| F|  |TAMS 0x0000000727b00000, 0x0000000727b00000| Untracked 
|  88|0x0000000727c00000, 0x0000000727c00000, 0x0000000727d00000|  0%| F|  |TAMS 0x0000000727c00000, 0x0000000727c00000| Untracked 
|  89|0x0000000727d00000, 0x0000000727d00000, 0x0000000727e00000|  0%| F|  |TAMS 0x0000000727d00000, 0x0000000727d00000| Untracked 
|  90|0x0000000727e00000, 0x0000000727e00000, 0x0000000727f00000|  0%| F|  |TAMS 0x0000000727e00000, 0x0000000727e00000| Untracked 
|  91|0x0000000727f00000, 0x0000000727f00000, 0x0000000728000000|  0%| F|  |TAMS 0x0000000727f00000, 0x0000000727f00000| Untracked 
|  92|0x0000000728000000, 0x0000000728000000, 0x0000000728100000|  0%| F|  |TAMS 0x0000000728000000, 0x0000000728000000| Untracked 
|  93|0x0000000728100000, 0x0000000728100000, 0x0000000728200000|  0%| F|  |TAMS 0x0000000728100000, 0x0000000728100000| Untracked 
|  94|0x0000000728200000, 0x0000000728200000, 0x0000000728300000|  0%| F|  |TAMS 0x0000000728200000, 0x0000000728200000| Untracked 
|  95|0x0000000728300000, 0x0000000728300000, 0x0000000728400000|  0%| F|  |TAMS 0x0000000728300000, 0x0000000728300000| Untracked 
|  96|0x0000000728400000, 0x0000000728400000, 0x0000000728500000|  0%| F|  |TAMS 0x0000000728400000, 0x0000000728400000| Untracked 
|  97|0x0000000728500000, 0x0000000728500000, 0x0000000728600000|  0%| F|  |TAMS 0x0000000728500000, 0x0000000728500000| Untracked 
|  98|0x0000000728600000, 0x0000000728600000, 0x0000000728700000|  0%| F|  |TAMS 0x0000000728600000, 0x0000000728600000| Untracked 
|  99|0x0000000728700000, 0x0000000728700000, 0x0000000728800000|  0%| F|  |TAMS 0x0000000728700000, 0x0000000728700000| Untracked 
| 100|0x0000000728800000, 0x0000000728800000, 0x0000000728900000|  0%| F|  |TAMS 0x0000000728800000, 0x0000000728800000| Untracked 
| 101|0x0000000728900000, 0x0000000728900000, 0x0000000728a00000|  0%| F|  |TAMS 0x0000000728900000, 0x0000000728900000| Untracked 
| 102|0x0000000728a00000, 0x0000000728a00000, 0x0000000728b00000|  0%| F|  |TAMS 0x0000000728a00000, 0x0000000728a00000| Untracked 
| 103|0x0000000728b00000, 0x0000000728b00000, 0x0000000728c00000|  0%| F|  |TAMS 0x0000000728b00000, 0x0000000728b00000| Untracked 
| 104|0x0000000728c00000, 0x0000000728c00000, 0x0000000728d00000|  0%| F|  |TAMS 0x0000000728c00000, 0x0000000728c00000| Untracked 
| 105|0x0000000728d00000, 0x0000000728d00000, 0x0000000728e00000|  0%| F|  |TAMS 0x0000000728d00000, 0x0000000728d00000| Untracked 
| 106|0x0000000728e00000, 0x0000000728e00000, 0x0000000728f00000|  0%| F|  |TAMS 0x0000000728e00000, 0x0000000728e00000| Untracked 
| 107|0x0000000728f00000, 0x0000000728f00000, 0x0000000729000000|  0%| F|  |TAMS 0x0000000728f00000, 0x0000000728f00000| Untracked 
| 108|0x0000000729000000, 0x0000000729000000, 0x0000000729100000|  0%| F|  |TAMS 0x0000000729000000, 0x0000000729000000| Untracked 
| 109|0x0000000729100000, 0x0000000729100000, 0x0000000729200000|  0%| F|  |TAMS 0x0000000729100000, 0x0000000729100000| Untracked 
| 110|0x0000000729200000, 0x0000000729200000, 0x0000000729300000|  0%| F|  |TAMS 0x0000000729200000, 0x0000000729200000| Untracked 
| 111|0x0000000729300000, 0x0000000729300000, 0x0000000729400000|  0%| F|  |TAMS 0x0000000729300000, 0x0000000729300000| Untracked 
| 112|0x0000000729400000, 0x0000000729400000, 0x0000000729500000|  0%| F|  |TAMS 0x0000000729400000, 0x0000000729400000| Untracked 
| 113|0x0000000729500000, 0x0000000729500000, 0x0000000729600000|  0%| F|  |TAMS 0x0000000729500000, 0x0000000729500000| Untracked 
| 114|0x0000000729600000, 0x0000000729600000, 0x0000000729700000|  0%| F|  |TAMS 0x0000000729600000, 0x0000000729600000| Untracked 
| 115|0x0000000729700000, 0x0000000729700000, 0x0000000729800000|  0%| F|  |TAMS 0x0000000729700000, 0x0000000729700000| Untracked 
| 116|0x0000000729800000, 0x0000000729800000, 0x0000000729900000|  0%| F|  |TAMS 0x0000000729800000, 0x0000000729800000| Untracked 
| 117|0x0000000729900000, 0x0000000729900000, 0x0000000729a00000|  0%| F|  |TAMS 0x0000000729900000, 0x0000000729900000| Untracked 
| 118|0x0000000729a00000, 0x0000000729a00000, 0x0000000729b00000|  0%| F|  |TAMS 0x0000000729a00000, 0x0000000729a00000| Untracked 
| 119|0x0000000729b00000, 0x0000000729b00000, 0x0000000729c00000|  0%| F|  |TAMS 0x0000000729b00000, 0x0000000729b00000| Untracked 
| 120|0x0000000729c00000, 0x0000000729c00000, 0x0000000729d00000|  0%| F|  |TAMS 0x0000000729c00000, 0x0000000729c00000| Untracked 
| 121|0x0000000729d00000, 0x0000000729d00000, 0x0000000729e00000|  0%| F|  |TAMS 0x0000000729d00000, 0x0000000729d00000| Untracked 
| 122|0x0000000729e00000, 0x0000000729e00000, 0x0000000729f00000|  0%| F|  |TAMS 0x0000000729e00000, 0x0000000729e00000| Untracked 
| 123|0x0000000729f00000, 0x0000000729f00000, 0x000000072a000000|  0%| F|  |TAMS 0x0000000729f00000, 0x0000000729f00000| Untracked 
| 124|0x000000072a000000, 0x000000072a000000, 0x000000072a100000|  0%| F|  |TAMS 0x000000072a000000, 0x000000072a000000| Untracked 
| 125|0x000000072a100000, 0x000000072a100000, 0x000000072a200000|  0%| F|  |TAMS 0x000000072a100000, 0x000000072a100000| Untracked 
| 126|0x000000072a200000, 0x000000072a200000, 0x000000072a300000|  0%| F|  |TAMS 0x000000072a200000, 0x000000072a200000| Untracked 
| 127|0x000000072a300000, 0x000000072a300000, 0x000000072a400000|  0%| F|  |TAMS 0x000000072a300000, 0x000000072a300000| Untracked 
| 128|0x000000072a400000, 0x000000072a400000, 0x000000072a500000|  0%| F|  |TAMS 0x000000072a400000, 0x000000072a400000| Untracked 
| 129|0x000000072a500000, 0x000000072a500000, 0x000000072a600000|  0%| F|  |TAMS 0x000000072a500000, 0x000000072a500000| Untracked 
| 130|0x000000072a600000, 0x000000072a600000, 0x000000072a700000|  0%| F|  |TAMS 0x000000072a600000, 0x000000072a600000| Untracked 
| 131|0x000000072a700000, 0x000000072a700000, 0x000000072a800000|  0%| F|  |TAMS 0x000000072a700000, 0x000000072a700000| Untracked 
| 132|0x000000072a800000, 0x000000072a800000, 0x000000072a900000|  0%| F|  |TAMS 0x000000072a800000, 0x000000072a800000| Untracked 
| 133|0x000000072a900000, 0x000000072a900000, 0x000000072aa00000|  0%| F|  |TAMS 0x000000072a900000, 0x000000072a900000| Untracked 
| 134|0x000000072aa00000, 0x000000072aa00000, 0x000000072ab00000|  0%| F|  |TAMS 0x000000072aa00000, 0x000000072aa00000| Untracked 
| 135|0x000000072ab00000, 0x000000072ab00000, 0x000000072ac00000|  0%| F|  |TAMS 0x000000072ab00000, 0x000000072ab00000| Untracked 
| 136|0x000000072ac00000, 0x000000072ac00000, 0x000000072ad00000|  0%| F|  |TAMS 0x000000072ac00000, 0x000000072ac00000| Untracked 
| 137|0x000000072ad00000, 0x000000072ad00000, 0x000000072ae00000|  0%| F|  |TAMS 0x000000072ad00000, 0x000000072ad00000| Untracked 
| 138|0x000000072ae00000, 0x000000072ae00000, 0x000000072af00000|  0%| F|  |TAMS 0x000000072ae00000, 0x000000072ae00000| Untracked 
| 139|0x000000072af00000, 0x000000072af00000, 0x000000072b000000|  0%| F|  |TAMS 0x000000072af00000, 0x000000072af00000| Untracked 
| 140|0x000000072b000000, 0x000000072b000000, 0x000000072b100000|  0%| F|  |TAMS 0x000000072b000000, 0x000000072b000000| Untracked 
| 141|0x000000072b100000, 0x000000072b100000, 0x000000072b200000|  0%| F|  |TAMS 0x000000072b100000, 0x000000072b100000| Untracked 
| 142|0x000000072b200000, 0x000000072b200000, 0x000000072b300000|  0%| F|  |TAMS 0x000000072b200000, 0x000000072b200000| Untracked 
| 143|0x000000072b300000, 0x000000072b300000, 0x000000072b400000|  0%| F|  |TAMS 0x000000072b300000, 0x000000072b300000| Untracked 
| 144|0x000000072b400000, 0x000000072b400000, 0x000000072b500000|  0%| F|  |TAMS 0x000000072b400000, 0x000000072b400000| Untracked 
| 145|0x000000072b500000, 0x000000072b500000, 0x000000072b600000|  0%| F|  |TAMS 0x000000072b500000, 0x000000072b500000| Untracked 
| 146|0x000000072b600000, 0x000000072b600000, 0x000000072b700000|  0%| F|  |TAMS 0x000000072b600000, 0x000000072b600000| Untracked 
| 147|0x000000072b700000, 0x000000072b700000, 0x000000072b800000|  0%| F|  |TAMS 0x000000072b700000, 0x000000072b700000| Untracked 
| 148|0x000000072b800000, 0x000000072b800000, 0x000000072b900000|  0%| F|  |TAMS 0x000000072b800000, 0x000000072b800000| Untracked 
| 149|0x000000072b900000, 0x000000072b900000, 0x000000072ba00000|  0%| F|  |TAMS 0x000000072b900000, 0x000000072b900000| Untracked 
| 150|0x000000072ba00000, 0x000000072ba00000, 0x000000072bb00000|  0%| F|  |TAMS 0x000000072ba00000, 0x000000072ba00000| Untracked 
| 151|0x000000072bb00000, 0x000000072bb00000, 0x000000072bc00000|  0%| F|  |TAMS 0x000000072bb00000, 0x000000072bb00000| Untracked 
| 152|0x000000072bc00000, 0x000000072bc00000, 0x000000072bd00000|  0%| F|  |TAMS 0x000000072bc00000, 0x000000072bc00000| Untracked 
| 153|0x000000072bd00000, 0x000000072bd00000, 0x000000072be00000|  0%| F|  |TAMS 0x000000072bd00000, 0x000000072bd00000| Untracked 
| 154|0x000000072be00000, 0x000000072be00000, 0x000000072bf00000|  0%| F|  |TAMS 0x000000072be00000, 0x000000072be00000| Untracked 
| 155|0x000000072bf00000, 0x000000072bf00000, 0x000000072c000000|  0%| F|  |TAMS 0x000000072bf00000, 0x000000072bf00000| Untracked 
| 156|0x000000072c000000, 0x000000072c000000, 0x000000072c100000|  0%| F|  |TAMS 0x000000072c000000, 0x000000072c000000| Untracked 
| 157|0x000000072c100000, 0x000000072c100000, 0x000000072c200000|  0%| F|  |TAMS 0x000000072c100000, 0x000000072c100000| Untracked 
| 158|0x000000072c200000, 0x000000072c200000, 0x000000072c300000|  0%| F|  |TAMS 0x000000072c200000, 0x000000072c200000| Untracked 
| 159|0x000000072c300000, 0x000000072c300000, 0x000000072c400000|  0%| F|  |TAMS 0x000000072c300000, 0x000000072c300000| Untracked 
| 160|0x000000072c400000, 0x000000072c400000, 0x000000072c500000|  0%| F|  |TAMS 0x000000072c400000, 0x000000072c400000| Untracked 
| 161|0x000000072c500000, 0x000000072c500000, 0x000000072c600000|  0%| F|  |TAMS 0x000000072c500000, 0x000000072c500000| Untracked 
| 162|0x000000072c600000, 0x000000072c600000, 0x000000072c700000|  0%| F|  |TAMS 0x000000072c600000, 0x000000072c600000| Untracked 
| 163|0x000000072c700000, 0x000000072c700000, 0x000000072c800000|  0%| F|  |TAMS 0x000000072c700000, 0x000000072c700000| Untracked 
| 164|0x000000072c800000, 0x000000072c800000, 0x000000072c900000|  0%| F|  |TAMS 0x000000072c800000, 0x000000072c800000| Untracked 
| 165|0x000000072c900000, 0x000000072c900000, 0x000000072ca00000|  0%| F|  |TAMS 0x000000072c900000, 0x000000072c900000| Untracked 
| 166|0x000000072ca00000, 0x000000072ca00000, 0x000000072cb00000|  0%| F|  |TAMS 0x000000072ca00000, 0x000000072ca00000| Untracked 
| 167|0x000000072cb00000, 0x000000072cb00000, 0x000000072cc00000|  0%| F|  |TAMS 0x000000072cb00000, 0x000000072cb00000| Untracked 
| 168|0x000000072cc00000, 0x000000072cc00000, 0x000000072cd00000|  0%| F|  |TAMS 0x000000072cc00000, 0x000000072cc00000| Untracked 
| 169|0x000000072cd00000, 0x000000072cd00000, 0x000000072ce00000|  0%| F|  |TAMS 0x000000072cd00000, 0x000000072cd00000| Untracked 
| 170|0x000000072ce00000, 0x000000072ce00000, 0x000000072cf00000|  0%| F|  |TAMS 0x000000072ce00000, 0x000000072ce00000| Untracked 
| 171|0x000000072cf00000, 0x000000072cf00000, 0x000000072d000000|  0%| F|  |TAMS 0x000000072cf00000, 0x000000072cf00000| Untracked 
| 172|0x000000072d000000, 0x000000072d000000, 0x000000072d100000|  0%| F|  |TAMS 0x000000072d000000, 0x000000072d000000| Untracked 
| 173|0x000000072d100000, 0x000000072d100000, 0x000000072d200000|  0%| F|  |TAMS 0x000000072d100000, 0x000000072d100000| Untracked 
| 174|0x000000072d200000, 0x000000072d200000, 0x000000072d300000|  0%| F|  |TAMS 0x000000072d200000, 0x000000072d200000| Untracked 
| 175|0x000000072d300000, 0x000000072d300000, 0x000000072d400000|  0%| F|  |TAMS 0x000000072d300000, 0x000000072d300000| Untracked 
| 176|0x000000072d400000, 0x000000072d400000, 0x000000072d500000|  0%| F|  |TAMS 0x000000072d400000, 0x000000072d400000| Untracked 
| 177|0x000000072d500000, 0x000000072d500000, 0x000000072d600000|  0%| F|  |TAMS 0x000000072d500000, 0x000000072d500000| Untracked 
| 178|0x000000072d600000, 0x000000072d600000, 0x000000072d700000|  0%| F|  |TAMS 0x000000072d600000, 0x000000072d600000| Untracked 
| 179|0x000000072d700000, 0x000000072d700000, 0x000000072d800000|  0%| F|  |TAMS 0x000000072d700000, 0x000000072d700000| Untracked 
| 180|0x000000072d800000, 0x000000072d800000, 0x000000072d900000|  0%| F|  |TAMS 0x000000072d800000, 0x000000072d800000| Untracked 
| 181|0x000000072d900000, 0x000000072d900000, 0x000000072da00000|  0%| F|  |TAMS 0x000000072d900000, 0x000000072d900000| Untracked 
| 182|0x000000072da00000, 0x000000072da00000, 0x000000072db00000|  0%| F|  |TAMS 0x000000072da00000, 0x000000072da00000| Untracked 
| 183|0x000000072db00000, 0x000000072db00000, 0x000000072dc00000|  0%| F|  |TAMS 0x000000072db00000, 0x000000072db00000| Untracked 
| 184|0x000000072dc00000, 0x000000072dc00000, 0x000000072dd00000|  0%| F|  |TAMS 0x000000072dc00000, 0x000000072dc00000| Untracked 
| 185|0x000000072dd00000, 0x000000072dd00000, 0x000000072de00000|  0%| F|  |TAMS 0x000000072dd00000, 0x000000072dd00000| Untracked 
| 186|0x000000072de00000, 0x000000072de00000, 0x000000072df00000|  0%| F|  |TAMS 0x000000072de00000, 0x000000072de00000| Untracked 
| 187|0x000000072df00000, 0x000000072df00000, 0x000000072e000000|  0%| F|  |TAMS 0x000000072df00000, 0x000000072df00000| Untracked 
| 188|0x000000072e000000, 0x000000072e000000, 0x000000072e100000|  0%| F|  |TAMS 0x000000072e000000, 0x000000072e000000| Untracked 
| 189|0x000000072e100000, 0x000000072e100000, 0x000000072e200000|  0%| F|  |TAMS 0x000000072e100000, 0x000000072e100000| Untracked 
| 190|0x000000072e200000, 0x000000072e200000, 0x000000072e300000|  0%| F|  |TAMS 0x000000072e200000, 0x000000072e200000| Untracked 
| 191|0x000000072e300000, 0x000000072e300000, 0x000000072e400000|  0%| F|  |TAMS 0x000000072e300000, 0x000000072e300000| Untracked 
| 192|0x000000072e400000, 0x000000072e400000, 0x000000072e500000|  0%| F|  |TAMS 0x000000072e400000, 0x000000072e400000| Untracked 
| 193|0x000000072e500000, 0x000000072e500000, 0x000000072e600000|  0%| F|  |TAMS 0x000000072e500000, 0x000000072e500000| Untracked 
| 194|0x000000072e600000, 0x000000072e600000, 0x000000072e700000|  0%| F|  |TAMS 0x000000072e600000, 0x000000072e600000| Untracked 
| 195|0x000000072e700000, 0x000000072e700000, 0x000000072e800000|  0%| F|  |TAMS 0x000000072e700000, 0x000000072e700000| Untracked 
| 196|0x000000072e800000, 0x000000072e800000, 0x000000072e900000|  0%| F|  |TAMS 0x000000072e800000, 0x000000072e800000| Untracked 
| 197|0x000000072e900000, 0x000000072e900000, 0x000000072ea00000|  0%| F|  |TAMS 0x000000072e900000, 0x000000072e900000| Untracked 
| 198|0x000000072ea00000, 0x000000072ea00000, 0x000000072eb00000|  0%| F|  |TAMS 0x000000072ea00000, 0x000000072ea00000| Untracked 
| 199|0x000000072eb00000, 0x000000072eb00000, 0x000000072ec00000|  0%| F|  |TAMS 0x000000072eb00000, 0x000000072eb00000| Untracked 
| 200|0x000000072ec00000, 0x000000072ec00000, 0x000000072ed00000|  0%| F|  |TAMS 0x000000072ec00000, 0x000000072ec00000| Untracked 
| 201|0x000000072ed00000, 0x000000072ed00000, 0x000000072ee00000|  0%| F|  |TAMS 0x000000072ed00000, 0x000000072ed00000| Untracked 
| 202|0x000000072ee00000, 0x000000072ee00000, 0x000000072ef00000|  0%| F|  |TAMS 0x000000072ee00000, 0x000000072ee00000| Untracked 
| 203|0x000000072ef00000, 0x000000072ef00000, 0x000000072f000000|  0%| F|  |TAMS 0x000000072ef00000, 0x000000072ef00000| Untracked 
| 204|0x000000072f000000, 0x000000072f000000, 0x000000072f100000|  0%| F|  |TAMS 0x000000072f000000, 0x000000072f000000| Untracked 
| 205|0x000000072f100000, 0x000000072f100000, 0x000000072f200000|  0%| F|  |TAMS 0x000000072f100000, 0x000000072f100000| Untracked 
| 206|0x000000072f200000, 0x000000072f200000, 0x000000072f300000|  0%| F|  |TAMS 0x000000072f200000, 0x000000072f200000| Untracked 
| 207|0x000000072f300000, 0x000000072f300000, 0x000000072f400000|  0%| F|  |TAMS 0x000000072f300000, 0x000000072f300000| Untracked 
| 208|0x000000072f400000, 0x000000072f400000, 0x000000072f500000|  0%| F|  |TAMS 0x000000072f400000, 0x000000072f400000| Untracked 
| 209|0x000000072f500000, 0x000000072f500000, 0x000000072f600000|  0%| F|  |TAMS 0x000000072f500000, 0x000000072f500000| Untracked 
| 210|0x000000072f600000, 0x000000072f600000, 0x000000072f700000|  0%| F|  |TAMS 0x000000072f600000, 0x000000072f600000| Untracked 
| 211|0x000000072f700000, 0x000000072f700000, 0x000000072f800000|  0%| F|  |TAMS 0x000000072f700000, 0x000000072f700000| Untracked 
| 212|0x000000072f800000, 0x000000072f800000, 0x000000072f900000|  0%| F|  |TAMS 0x000000072f800000, 0x000000072f800000| Untracked 
| 213|0x000000072f900000, 0x000000072f900000, 0x000000072fa00000|  0%| F|  |TAMS 0x000000072f900000, 0x000000072f900000| Untracked 
| 214|0x000000072fa00000, 0x000000072fa00000, 0x000000072fb00000|  0%| F|  |TAMS 0x000000072fa00000, 0x000000072fa00000| Untracked 
| 215|0x000000072fb00000, 0x000000072fb00000, 0x000000072fc00000|  0%| F|  |TAMS 0x000000072fb00000, 0x000000072fb00000| Untracked 
| 216|0x000000072fc00000, 0x000000072fcf7260, 0x000000072fd00000| 96%| E|  |TAMS 0x000000072fc00000, 0x000000072fc00000| Complete 
| 217|0x000000072fd00000, 0x000000072fe00000, 0x000000072fe00000|100%| E|CS|TAMS 0x000000072fd00000, 0x000000072fd00000| Complete 
| 218|0x000000072fe00000, 0x000000072ff00000, 0x000000072ff00000|100%| E|CS|TAMS 0x000000072fe00000, 0x000000072fe00000| Complete 
| 219|0x000000072ff00000, 0x0000000730000000, 0x0000000730000000|100%| E|CS|TAMS 0x000000072ff00000, 0x000000072ff00000| Complete 
| 220|0x0000000730000000, 0x0000000730100000, 0x0000000730100000|100%| E|CS|TAMS 0x0000000730000000, 0x0000000730000000| Complete 
| 221|0x0000000730100000, 0x0000000730200000, 0x0000000730200000|100%| E|CS|TAMS 0x0000000730100000, 0x0000000730100000| Complete 

Card table byte_map: [0x000001efe3e50000,0x000001efe4540000] _byte_map_base: 0x000001efe053e000

Marking Bits (Prev, Next): (CMBitMap*) 0x000001efccb6ad18, (CMBitMap*) 0x000001efccb6ad50
 Prev Bits: [0x000001efe4c30000, 0x000001efe83a0000)
 Next Bits: [0x000001efe83a0000, 0x000001efebb10000)

Polling page: 0x000001efcc2e0000

Metaspace:

Usage:
  Non-class:      8.44 MB capacity,     8.41 MB (>99%) used,    25.71 KB ( <1%) free+waste,     7.38 KB ( <1%) overhead. 
      Class:    872.00 KB capacity,   831.61 KB ( 95%) used,    37.45 KB (  4%) free+waste,     2.94 KB ( <1%) overhead. 
       Both:      9.30 MB capacity,     9.22 MB (>99%) used,    63.16 KB ( <1%) free+waste,    10.31 KB ( <1%) overhead. 

Virtual space:
  Non-class space:       10.00 MB reserved,       8.50 MB ( 85%) committed 
      Class space:        1.00 GB reserved,     896.00 KB ( <1%) committed 
             Both:        1.01 GB reserved,       9.38 MB ( <1%) committed 

Chunk freelists:
   Non-Class:  7.12 KB
       Class:  3.00 KB
        Both:  10.12 KB

CodeHeap 'non-profiled nmethods': size=120000Kb used=129Kb max_used=129Kb free=119870Kb
 bounds [0x000001efdbcd0000, 0x000001efdbf40000, 0x000001efe3200000]
CodeHeap 'profiled nmethods': size=120000Kb used=604Kb max_used=604Kb free=119395Kb
 bounds [0x000001efd47a0000, 0x000001efd4a10000, 0x000001efdbcd0000]
CodeHeap 'non-nmethods': size=5760Kb used=1157Kb max_used=1170Kb free=4602Kb
 bounds [0x000001efd4200000, 0x000001efd4470000, 0x000001efd47a0000]
 total_blobs=832 nmethods=462 adapters=290
 compilation: enabled
              stopped_count=0, restarted_count=0
 full_count=0

Compilation events (10 events):
Event: 652.851 Thread 0x000001efef181800  458       4       org.eclipse.jdt.launching.internal.org.objectweb.asm.ClassReader::readUnsignedShort (26 bytes)
Event: 652.853 Thread 0x000001efef181800 nmethod 458 0x000001efdbcefd90 code [0x000001efdbceff00, 0x000001efdbceffd8]
Event: 717.970 Thread 0x000001efef182800  459       1       java.security.ProtectionDomain::getCodeSource (5 bytes)
Event: 717.970 Thread 0x000001efef182800 nmethod 459 0x000001efdbcf0110 code [0x000001efdbcf02a0, 0x000001efdbcf0358]
Event: 717.970 Thread 0x000001efef182800  460       3       org.eclipse.jdt.launching.internal.org.objectweb.asm.ByteVector::putShort (52 bytes)
Event: 717.972 Thread 0x000001efef182800 nmethod 460 0x000001efd4836a10 code [0x000001efd4836bc0, 0x000001efd4836dc8]
Event: 844.292 Thread 0x000001efef181800  461       4       org.eclipse.jdt.launching.internal.org.objectweb.asm.ClassReader::getItem (7 bytes)
Event: 844.293 Thread 0x000001efef181800 nmethod 461 0x000001efdbcf0410 code [0x000001efdbcf0580, 0x000001efdbcf0618]
Event: 860.349 Thread 0x000001efef182800  462       3       org.eclipse.jdt.launching.internal.org.objectweb.asm.SymbolTable::get (13 bytes)
Event: 860.349 Thread 0x000001efef182800 nmethod 462 0x000001efd4836f10 code [0x000001efd48370a0, 0x000001efd48371f8]

GC Heap History (0 events):
No events

Deoptimization events (3 events):
Event: 0.136 Thread 0x000001efccb0f800 Uncommon trap: reason=unstable_if action=reinterpret pc=0x000001efdbcdcc84 method=java.util.HashMap.putVal(ILjava/lang/Object;Ljava/lang/Object;ZZ)Ljava/lang/Object; @ 181 c2
Event: 0.185 Thread 0x000001efccb0f800 Uncommon trap: reason=loop_limit_check action=maybe_recompile pc=0x000001efdbce74d8 method=java.math.BigInteger.implMulAdd([I[IIII)I @ 26 c2
Event: 0.217 Thread 0x000001efccb0f800 Uncommon trap: reason=unstable_if action=reinterpret pc=0x000001efdbcd7520 method=java.lang.String.isLatin1()Z @ 10 c2

Classes redefined (10 events):
Event: 652.852 Thread 0x000001efef0de000 redefined class name=days04.Q02, count=12
Event: 664.115 Thread 0x000001efef0de000 redefined class name=days04.Q02, count=13
Event: 682.901 Thread 0x000001efef0de000 redefined class name=days04.Q02, count=14
Event: 717.972 Thread 0x000001efef0de000 redefined class name=days04.Q02, count=15
Event: 738.601 Thread 0x000001efef0de000 redefined class name=days04.Q02, count=16
Event: 795.450 Thread 0x000001efef0de000 redefined class name=days04.Q02, count=17
Event: 844.293 Thread 0x000001efef0de000 redefined class name=days04.Q02, count=18
Event: 860.350 Thread 0x000001efef0de000 redefined class name=days04.Q02, count=19
Event: 955.993 Thread 0x000001efef0de000 redefined class name=days04.Q02, count=20
Event: 965.261 Thread 0x000001efef0de000 redefined class name=days04.Q02, count=21

Internal exceptions (1 events):
Event: 0.133 Thread 0x000001efccb0f800 Exception <a 'java/lang/NoSuchMethodError'{0x000000072fe49068}: java.lang.invoke.DirectMethodHandle$Holder.invokeStaticInit(Ljava/lang/Object;Ljava/lang/Object;)V> (0x000000072fe49068) thrown at [./open/src/hotspot/share/interpreter/linkResolver.cpp, line

Events (10 events):
Event: 965.264 Executing VM operation: GetFrameCount
Event: 965.264 Executing VM operation: GetFrameCount done
Event: 965.264 Executing VM operation: GetStackTrace
Event: 965.264 Executing VM operation: GetStackTrace done
Event: 965.269 Executing VM operation: GetFrameCount
Event: 965.269 Executing VM operation: GetFrameCount done
Event: 965.269 Executing VM operation: GetOwnedMonitorInfo
Event: 965.269 Executing VM operation: GetOwnedMonitorInfo done
Event: 965.269 Executing VM operation: GetCurrentContendedMonitor
Event: 965.269 Executing VM operation: GetCurrentContendedMonitor done


Dynamic libraries:
0x00007ff74d700000 - 0x00007ff74d710000 	C:\Program Files\Java\jdk-11\bin\javaw.exe
0x00007ffdba8d0000 - 0x00007ffdbaae7000 	C:\WINDOWS\SYSTEM32\ntdll.dll
0x00007ffdb9090000 - 0x00007ffdb9154000 	C:\WINDOWS\System32\KERNEL32.DLL
0x00007ffdb7fd0000 - 0x00007ffdb837c000 	C:\WINDOWS\System32\KERNELBASE.dll
0x00007ffdb7d90000 - 0x00007ffdb7ea1000 	C:\WINDOWS\System32\ucrtbase.dll
0x00007ffdb2010000 - 0x00007ffdb202b000 	C:\Program Files\Java\jdk-11\bin\VCRUNTIME140.dll
0x00007ffdb17b0000 - 0x00007ffdb17c9000 	C:\Program Files\Java\jdk-11\bin\jli.dll
0x00007ffdb9570000 - 0x00007ffdb9622000 	C:\WINDOWS\System32\ADVAPI32.dll
0x00007ffdb9ab0000 - 0x00007ffdb9b57000 	C:\WINDOWS\System32\msvcrt.dll
0x00007ffdb8ae0000 - 0x00007ffdb8b8a000 	C:\WINDOWS\System32\sechost.dll
0x00007ffdb8380000 - 0x00007ffdb83a8000 	C:\WINDOWS\System32\bcrypt.dll
0x00007ffdb91d0000 - 0x00007ffdb92e5000 	C:\WINDOWS\System32\RPCRT4.dll
0x00007ffdb8670000 - 0x00007ffdb881e000 	C:\WINDOWS\System32\USER32.dll
0x00007ffda4460000 - 0x00007ffda46f3000 	C:\WINDOWS\WinSxS\amd64_microsoft.windows.common-controls_6595b64144ccf1df_6.0.22621.3672_none_2713b9d173822955\COMCTL32.dll
0x00007ffdb8520000 - 0x00007ffdb8546000 	C:\WINDOWS\System32\win32u.dll
0x00007ffdb9b70000 - 0x00007ffdb9b99000 	C:\WINDOWS\System32\GDI32.dll
0x00007ffdb7c70000 - 0x00007ffdb7d89000 	C:\WINDOWS\System32\gdi32full.dll
0x00007ffdb7f30000 - 0x00007ffdb7fca000 	C:\WINDOWS\System32\msvcp_win.dll
0x00007ffdb22a0000 - 0x00007ffdb22aa000 	C:\WINDOWS\SYSTEM32\VERSION.dll
0x00007ffdb9ba0000 - 0x00007ffdb9bd1000 	C:\WINDOWS\System32\IMM32.DLL
0x00007ffdb1dc0000 - 0x00007ffdb1dcc000 	C:\Program Files\Java\jdk-11\bin\vcruntime140_1.dll
0x00007ffda8180000 - 0x00007ffda820e000 	C:\Program Files\Java\jdk-11\bin\msvcp140.dll
0x00007ffd7d6d0000 - 0x00007ffd7e22e000 	C:\Program Files\Java\jdk-11\bin\server\jvm.dll
0x00007ffdb9b60000 - 0x00007ffdb9b68000 	C:\WINDOWS\System32\PSAPI.DLL
0x00007ffdb18a0000 - 0x00007ffdb18a9000 	C:\WINDOWS\SYSTEM32\WSOCK32.dll
0x00007ffdb1ec0000 - 0x00007ffdb1ef4000 	C:\WINDOWS\SYSTEM32\WINMM.dll
0x00007ffdb8a60000 - 0x00007ffdb8ad1000 	C:\WINDOWS\System32\WS2_32.dll
0x00007ffdb6c30000 - 0x00007ffdb6c48000 	C:\WINDOWS\SYSTEM32\kernel.appcore.dll
0x00007ffdb17a0000 - 0x00007ffdb17b0000 	C:\Program Files\Java\jdk-11\bin\verify.dll
0x00007ffdb5480000 - 0x00007ffdb56b2000 	C:\WINDOWS\SYSTEM32\DBGHELP.DLL
0x00007ffdb8d00000 - 0x00007ffdb9088000 	C:\WINDOWS\System32\combase.dll
0x00007ffdb8c20000 - 0x00007ffdb8cf7000 	C:\WINDOWS\System32\OLEAUT32.dll
0x00007ffdacb90000 - 0x00007ffdacbc2000 	C:\WINDOWS\SYSTEM32\dbgcore.DLL
0x00007ffdb7eb0000 - 0x00007ffdb7f2b000 	C:\WINDOWS\System32\bcryptPrimitives.dll
0x00007ffdacf80000 - 0x00007ffdacfa8000 	C:\Program Files\Java\jdk-11\bin\java.dll
0x00007ffdae520000 - 0x00007ffdae52a000 	C:\Program Files\Java\jdk-11\bin\jimage.dll
0x00007ffda7e50000 - 0x00007ffda7e88000 	C:\Program Files\Java\jdk-11\bin\jdwp.dll
0x00007ffdb2110000 - 0x00007ffdb211e000 	C:\Program Files\Java\jdk-11\bin\instrument.dll
0x00007ffdacf30000 - 0x00007ffdacf47000 	C:\Program Files\Java\jdk-11\bin\zip.dll
0x00007ffdb9c40000 - 0x00007ffdba49c000 	C:\WINDOWS\System32\SHELL32.dll
0x00007ffdb5b50000 - 0x00007ffdb6447000 	C:\WINDOWS\SYSTEM32\windows.storage.dll
0x00007ffdb5a10000 - 0x00007ffdb5b4f000 	C:\WINDOWS\SYSTEM32\wintypes.dll
0x00007ffdb9450000 - 0x00007ffdb9544000 	C:\WINDOWS\System32\SHCORE.dll
0x00007ffdb9be0000 - 0x00007ffdb9c3e000 	C:\WINDOWS\System32\shlwapi.dll
0x00007ffdb7b30000 - 0x00007ffdb7b51000 	C:\WINDOWS\SYSTEM32\profapi.dll
0x00007ffda8d90000 - 0x00007ffda8d9b000 	C:\Program Files\Java\jdk-11\bin\dt_socket.dll
0x00007ffdb70a0000 - 0x00007ffdb7109000 	C:\WINDOWS\System32\mswsock.dll
0x00007ffdb6720000 - 0x00007ffdb6818000 	C:\WINDOWS\SYSTEM32\DNSAPI.dll
0x00007ffdb66b0000 - 0x00007ffdb66dd000 	C:\WINDOWS\SYSTEM32\IPHLPAPI.DLL
0x00007ffdb8610000 - 0x00007ffdb8619000 	C:\WINDOWS\System32\NSI.dll
0x00007ffdb22e0000 - 0x00007ffdb2363000 	C:\WINDOWS\System32\fwpuclnt.dll
0x00007ffdb22b0000 - 0x00007ffdb22ba000 	C:\Windows\System32\rasadhlp.dll
0x00007ffda7c60000 - 0x00007ffda7c79000 	C:\Program Files\Java\jdk-11\bin\net.dll
0x00007ffdb3560000 - 0x00007ffdb3696000 	C:\WINDOWS\SYSTEM32\WINHTTP.dll
0x00007ffda64f0000 - 0x00007ffda6502000 	C:\Program Files\Java\jdk-11\bin\nio.dll

dbghelp: loaded successfully - version: 4.0.5 - missing functions: none
symbol engine: initialized successfully - sym options: 0x614 - pdb path: .;C:\Program Files\Java\jdk-11\bin;C:\WINDOWS\SYSTEM32;C:\WINDOWS\WinSxS\amd64_microsoft.windows.common-controls_6595b64144ccf1df_6.0.22621.3672_none_2713b9d173822955;C:\Program Files\Java\jdk-11\bin\server

VM Arguments:
jvm_args: -agentlib:jdwp=transport=dt_socket,suspend=y,address=localhost:61355 -javaagent:C:\Users\pjun2\eclipse\java-2024-03\eclipse\configuration\org.eclipse.osgi\251\0\.cp\lib\javaagent-shaded.jar -Dfile.encoding=UTF-8 -Dstdout.encoding=UTF-8 -Dstderr.encoding=UTF-8 
java_command: days04.Q02
java_class_path (initial): C:\Class\Workspace\JavaClass\javaPro\bin
Launcher Type: SUN_STANDARD

[Global flags]
     intx CICompilerCount                          = 4                                         {product} {ergonomic}
     uint ConcGCThreads                            = 3                                         {product} {ergonomic}
     uint G1ConcRefinementThreads                  = 10                                        {product} {ergonomic}
   size_t G1HeapRegionSize                         = 1048576                                   {product} {ergonomic}
    uintx GCDrainStackTargetSize                   = 64                                        {product} {ergonomic}
   size_t InitialHeapSize                          = 232783872                                 {product} {ergonomic}
   size_t MarkStackSize                            = 4194304                                   {product} {ergonomic}
   size_t MaxHeapSize                              = 3720347648                                {product} {ergonomic}
   size_t MaxNewSize                               = 2231369728                                {product} {ergonomic}
   size_t MinHeapDeltaBytes                        = 1048576                                   {product} {ergonomic}
    uintx NonNMethodCodeHeapSize                   = 5836300                                {pd product} {ergonomic}
    uintx NonProfiledCodeHeapSize                  = 122910970                              {pd product} {ergonomic}
    uintx ProfiledCodeHeapSize                     = 122910970                              {pd product} {ergonomic}
    uintx ReservedCodeCacheSize                    = 251658240                              {pd product} {ergonomic}
     bool SegmentedCodeCache                       = true                                      {product} {ergonomic}
     bool UseCompressedClassPointers               = true                                 {lp64_product} {ergonomic}
     bool UseCompressedOops                        = true                                 {lp64_product} {ergonomic}
     bool UseG1GC                                  = true                                      {product} {ergonomic}
     bool UseLargePagesIndividualAllocation        = false                                  {pd product} {ergonomic}

Logging:
Log output configuration:
 #0: stdout all=warning uptime,level,tags
 #1: stderr all=off uptime,level,tags

Environment Variables:
JAVA_HOME=C:\Program Files\Java\jdk-11
PATH=C:/Program Files/Java/jdk-22/bin/server;C:/Program Files/Java/jdk-22/bin;C:\Program Files\Java\jdk-11\bin;C:\Program Files\Common Files\Oracle\Java\javapath;C:\WINDOWS\system32;C:\WINDOWS;C:\WINDOWS\System32\Wbem;C:\WINDOWS\System32\WindowsPowerShell\v1.0\;C:\WINDOWS\System32\OpenSSH\;C:\Program Files\Microsoft SQL Server\150\Tools\Binn\;C:\Users\pjun2\AppData\Local\Programs\Python\Python312\Scripts;C:\Users\pjun2\AppData\Local\Programs\Python\Python312;C:\MinGW\bin;C:\Program Files\Bandizip\;C:\Users\pjun2\AppData\Local\Programs\Python\Launcher\;C:\Users\pjun2\AppData\Local\Microsoft\WindowsApps;C:\Users\pjun2\AppData\Local\Programs\Microsoft VS Code\bin;;C:\Users\pjun2\OneDrive\ ;
USERNAME=pjun2
OS=Windows_NT
PROCESSOR_IDENTIFIER=AMD64 Family 25 Model 80 Stepping 0, AuthenticAMD



---------------  S Y S T E M  ---------------

OS: Windows 11 , 64 bit Build 22621 (10.0.22621.3672)

CPU:total 12 (initial active 12) (12 cores per cpu, 2 threads per core) family 25 model 80 stepping 0 microcode 0x0, cmov, cx8, fxsr, mmx, sse, sse2, sse3, ssse3, sse4.1, sse4.2, popcnt, avx, avx2, aes, clmul, erms, mmxext, 3dnowpref, lzcnt, sse4a, ht, tsc, tscinvbit, tscinv, bmi1, bmi2, adx, sha, fma

Memory: 4k page, system-wide physical 14188M (7214M free)
TotalPageFile size 15084M (AvailPageFile size 5056M)
current process WorkingSet (physical memory assigned to process): 42M, peak: 51M
current process commit charge ("private bytes"): 314M, peak: 315M

vm_info: Java HotSpot(TM) 64-Bit Server VM (11.0.23+7-LTS-222) for windows-amd64 JRE (11.0.23+7-LTS-222), built on Mar 11 2024 22:13:52 by "mach5one" with MS VC++ 17.6 (VS2022)

END.
